<?xml version="1.0" encoding="UTF-8"?>
<coverage generated="1725587433457" clover="3.2.0">
  <project timestamp="1725587433457" name="All files">
    <metrics statements="43" coveredstatements="31" conditionals="8" coveredconditionals="4" methods="20" coveredmethods="13" elements="71" coveredelements="48" complexity="0" loc="43" ncloc="43" packages="1" files="2" classes="2"/>
    <file name="Ship.ts" path="/Users/kevinaguilar/NJIT VScode/CS490/ip0/src/Ship.ts">
      <metrics statements="38" coveredstatements="26" conditionals="8" coveredconditionals="4" methods="17" coveredmethods="10"/>
      <line num="3" count="1" type="stmt"/>
      <line num="12" count="5" type="stmt"/>
      <line num="13" count="5" type="stmt"/>
      <line num="14" count="5" type="stmt"/>
      <line num="18" count="1" type="stmt"/>
      <line num="22" count="1" type="stmt"/>
      <line num="26" count="1" type="stmt"/>
      <line num="30" count="0" type="stmt"/>
      <line num="31" count="0" type="stmt"/>
      <line num="32" count="0" type="cond" truecount="0" falsecount="1"/>
      <line num="33" count="0" type="stmt"/>
      <line num="36" count="0" type="stmt"/>
      <line num="40" count="6" type="stmt"/>
      <line num="41" count="6" type="stmt"/>
      <line num="42" count="6" type="stmt"/>
      <line num="43" count="12" type="cond" truecount="2" falsecount="1"/>
      <line num="44" count="0" type="stmt"/>
      <line num="46" count="12" type="cond" truecount="1" falsecount="0"/>
      <line num="47" count="5" type="stmt"/>
      <line num="48" count="5" type="stmt"/>
      <line num="51" count="6" type="stmt"/>
      <line num="52" count="5" type="stmt"/>
      <line num="55" count="6" type="stmt"/>
      <line num="59" count="0" type="stmt"/>
      <line num="63" count="0" type="stmt"/>
      <line num="64" count="0" type="stmt"/>
      <line num="65" count="0" type="stmt"/>
      <line num="70" count="6" type="stmt"/>
      <line num="71" count="6" type="stmt"/>
      <line num="72" count="6" type="stmt"/>
      <line num="73" count="5" type="cond" truecount="1" falsecount="1"/>
      <line num="74" count="0" type="stmt"/>
      <line num="76" count="5" type="stmt"/>
      <line num="79" count="6" type="cond" truecount="0" falsecount="1"/>
      <line num="80" count="0" type="stmt"/>
      <line num="82" count="6" type="stmt"/>
      <line num="83" count="5" type="stmt"/>
      <line num="85" count="6" type="stmt"/>
    </file>
    <file name="Venusian.ts" path="/Users/kevinaguilar/NJIT VScode/CS490/ip0/src/Venusian.ts">
      <metrics statements="5" coveredstatements="5" conditionals="0" coveredconditionals="0" methods="3" coveredmethods="3"/>
      <line num="1" count="1" type="stmt"/>
      <line num="8" count="4" type="stmt"/>
      <line num="9" count="4" type="stmt"/>
      <line num="13" count="25" type="stmt"/>
      <line num="17" count="11" type="stmt"/>
    </file>
  </project>
</coverage>
