{"/Users/kevinaguilar/NJIT VScode/CS490/ip0/src/Ship.ts": {"path":"/Users/kevinaguilar/NJIT VScode/CS490/ip0/src/Ship.ts","statementMap":{"0":{"start":{"line":12,"column":4},"end":{"line":12,"column":21}},"1":{"start":{"line":13,"column":4},"end":{"line":13,"column":31}},"2":{"start":{"line":14,"column":4},"end":{"line":14,"column":56}},"3":{"start":{"line":18,"column":4},"end":{"line":18,"column":21}},"4":{"start":{"line":22,"column":4},"end":{"line":22,"column":26}},"5":{"start":{"line":26,"column":4},"end":{"line":26,"column":29}},"6":{"start":{"line":30,"column":15},"end":{"line":30,"column":20}},"7":{"start":{"line":31,"column":4},"end":{"line":35,"column":7}},"8":{"start":{"line":32,"column":6},"end":{"line":34,"column":null}},"9":{"start":{"line":33,"column":8},"end":{"line":33,"column":20}},"10":{"start":{"line":36,"column":4},"end":{"line":36,"column":16}},"11":{"start":{"line":40,"column":16},"end":{"line":40,"column":17}},"12":{"start":{"line":41,"column":27},"end":{"line":41,"column":29}},"13":{"start":{"line":42,"column":4},"end":{"line":50,"column":7}},"14":{"start":{"line":43,"column":6},"end":{"line":45,"column":null}},"15":{"start":{"line":44,"column":8},"end":{"line":44,"column":19}},"16":{"start":{"line":46,"column":6},"end":{"line":49,"column":null}},"17":{"start":{"line":47,"column":8},"end":{"line":47,"column":35}},"18":{"start":{"line":48,"column":8},"end":{"line":48,"column":19}},"19":{"start":{"line":51,"column":4},"end":{"line":53,"column":7}},"20":{"start":{"line":52,"column":6},"end":{"line":52,"column":38}},"21":{"start":{"line":55,"column":4},"end":{"line":55,"column":17}},"22":{"start":{"line":59,"column":4},"end":{"line":59,"column":75}},"23":{"start":{"line":59,"column":45},"end":{"line":59,"column":73}},"24":{"start":{"line":63,"column":4},"end":{"line":63,"column":75}},"25":{"start":{"line":63,"column":45},"end":{"line":63,"column":73}},"26":{"start":{"line":64,"column":4},"end":{"line":66,"column":7}},"27":{"start":{"line":65,"column":6},"end":{"line":65,"column":34}},"28":{"start":{"line":70,"column":36},"end":{"line":70,"column":38}},"29":{"start":{"line":71,"column":15},"end":{"line":71,"column":20}},"30":{"start":{"line":72,"column":4},"end":{"line":78,"column":7}},"31":{"start":{"line":73,"column":6},"end":{"line":77,"column":null}},"32":{"start":{"line":74,"column":8},"end":{"line":74,"column":20}},"33":{"start":{"line":76,"column":8},"end":{"line":76,"column":50}},"34":{"start":{"line":79,"column":4},"end":{"line":81,"column":null}},"35":{"start":{"line":80,"column":6},"end":{"line":80,"column":18}},"36":{"start":{"line":82,"column":4},"end":{"line":84,"column":7}},"37":{"start":{"line":83,"column":6},"end":{"line":83,"column":43}},"38":{"start":{"line":85,"column":4},"end":{"line":85,"column":16}},"39":{"start":{"line":3,"column":0},"end":{"line":3,"column":21}}},"fnMap":{"0":{"name":"(anonymous_0)","decl":{"start":{"line":11,"column":2},"end":{"line":11,"column":14}},"loc":{"start":{"line":11,"column":49},"end":{"line":15,"column":3}}},"1":{"name":"(anonymous_1)","decl":{"start":{"line":17,"column":9},"end":{"line":17,"column":16}},"loc":{"start":{"line":17,"column":16},"end":{"line":19,"column":3}}},"2":{"name":"(anonymous_2)","decl":{"start":{"line":21,"column":9},"end":{"line":21,"column":21}},"loc":{"start":{"line":21,"column":21},"end":{"line":23,"column":3}}},"3":{"name":"(anonymous_3)","decl":{"start":{"line":25,"column":9},"end":{"line":25,"column":24}},"loc":{"start":{"line":25,"column":24},"end":{"line":27,"column":3}}},"4":{"name":"(anonymous_4)","decl":{"start":{"line":29,"column":9},"end":{"line":29,"column":17}},"loc":{"start":{"line":29,"column":17},"end":{"line":37,"column":3}}},"5":{"name":"(anonymous_5)","decl":{"start":{"line":31,"column":22},"end":{"line":31,"column":23}},"loc":{"start":{"line":31,"column":33},"end":{"line":35,"column":5}}},"6":{"name":"(anonymous_6)","decl":{"start":{"line":39,"column":9},"end":{"line":39,"column":20}},"loc":{"start":{"line":39,"column":20},"end":{"line":56,"column":3}}},"7":{"name":"(anonymous_7)","decl":{"start":{"line":42,"column":22},"end":{"line":42,"column":23}},"loc":{"start":{"line":42,"column":33},"end":{"line":50,"column":5}}},"8":{"name":"(anonymous_8)","decl":{"start":{"line":51,"column":27},"end":{"line":51,"column":28}},"loc":{"start":{"line":51,"column":40},"end":{"line":53,"column":5}}},"9":{"name":"(anonymous_9)","decl":{"start":{"line":58,"column":9},"end":{"line":58,"column":21}},"loc":{"start":{"line":58,"column":21},"end":{"line":60,"column":3}}},"10":{"name":"(anonymous_10)","decl":{"start":{"line":59,"column":33},"end":{"line":59,"column":34}},"loc":{"start":{"line":59,"column":45},"end":{"line":59,"column":73}}},"11":{"name":"(anonymous_11)","decl":{"start":{"line":62,"column":9},"end":{"line":62,"column":25}},"loc":{"start":{"line":62,"column":25},"end":{"line":67,"column":3}}},"12":{"name":"(anonymous_12)","decl":{"start":{"line":63,"column":33},"end":{"line":63,"column":34}},"loc":{"start":{"line":63,"column":45},"end":{"line":63,"column":73}}},"13":{"name":"(anonymous_13)","decl":{"start":{"line":64,"column":27},"end":{"line":64,"column":28}},"loc":{"start":{"line":64,"column":40},"end":{"line":66,"column":5}}},"14":{"name":"(anonymous_14)","decl":{"start":{"line":69,"column":9},"end":{"line":69,"column":27}},"loc":{"start":{"line":69,"column":27},"end":{"line":86,"column":3}}},"15":{"name":"(anonymous_15)","decl":{"start":{"line":72,"column":27},"end":{"line":72,"column":28}},"loc":{"start":{"line":72,"column":40},"end":{"line":78,"column":5}}},"16":{"name":"(anonymous_16)","decl":{"start":{"line":82,"column":27},"end":{"line":82,"column":28}},"loc":{"start":{"line":82,"column":40},"end":{"line":84,"column":5}}}},"branchMap":{"0":{"loc":{"start":{"line":32,"column":6},"end":{"line":34,"column":null}},"type":"if","locations":[{"start":{"line":32,"column":6},"end":{"line":34,"column":null}}]},"1":{"loc":{"start":{"line":43,"column":6},"end":{"line":45,"column":null}},"type":"if","locations":[{"start":{"line":43,"column":6},"end":{"line":45,"column":null}}]},"2":{"loc":{"start":{"line":43,"column":10},"end":{"line":43,"column":72}},"type":"binary-expr","locations":[{"start":{"line":43,"column":10},"end":{"line":43,"column":38}},{"start":{"line":43,"column":42},"end":{"line":43,"column":72}}]},"3":{"loc":{"start":{"line":46,"column":6},"end":{"line":49,"column":null}},"type":"if","locations":[{"start":{"line":46,"column":6},"end":{"line":49,"column":null}}]},"4":{"loc":{"start":{"line":73,"column":6},"end":{"line":77,"column":null}},"type":"if","locations":[{"start":{"line":73,"column":6},"end":{"line":77,"column":null}},{"start":{"line":75,"column":13},"end":{"line":77,"column":null}}]},"5":{"loc":{"start":{"line":79,"column":4},"end":{"line":81,"column":null}},"type":"if","locations":[{"start":{"line":79,"column":4},"end":{"line":81,"column":null}}]}},"s":{"0":5,"1":5,"2":5,"3":1,"4":1,"5":1,"6":0,"7":0,"8":0,"9":0,"10":0,"11":6,"12":6,"13":6,"14":12,"15":0,"16":12,"17":5,"18":5,"19":6,"20":5,"21":6,"22":0,"23":0,"24":0,"25":0,"26":0,"27":0,"28":6,"29":6,"30":6,"31":5,"32":0,"33":5,"34":6,"35":0,"36":6,"37":5,"38":6,"39":1},"f":{"0":5,"1":1,"2":1,"3":1,"4":0,"5":0,"6":6,"7":12,"8":5,"9":0,"10":0,"11":0,"12":0,"13":0,"14":6,"15":5,"16":5},"b":{"0":[0],"1":[0],"2":[12,5],"3":[5],"4":[0,5],"5":[0]}}
,"/Users/kevinaguilar/NJIT VScode/CS490/ip0/src/Venusian.ts": {"path":"/Users/kevinaguilar/NJIT VScode/CS490/ip0/src/Venusian.ts","statementMap":{"0":{"start":{"line":8,"column":4},"end":{"line":8,"column":21}},"1":{"start":{"line":9,"column":4},"end":{"line":9,"column":47}},"2":{"start":{"line":13,"column":4},"end":{"line":13,"column":21}},"3":{"start":{"line":17,"column":4},"end":{"line":17,"column":20}},"4":{"start":{"line":1,"column":0},"end":{"line":1,"column":21}}},"fnMap":{"0":{"name":"(anonymous_0)","decl":{"start":{"line":7,"column":2},"end":{"line":7,"column":14}},"loc":{"start":{"line":7,"column":26},"end":{"line":10,"column":3}}},"1":{"name":"(anonymous_1)","decl":{"start":{"line":12,"column":9},"end":{"line":12,"column":16}},"loc":{"start":{"line":12,"column":16},"end":{"line":14,"column":3}}},"2":{"name":"(anonymous_2)","decl":{"start":{"line":16,"column":9},"end":{"line":16,"column":15}},"loc":{"start":{"line":16,"column":15},"end":{"line":18,"column":3}}}},"branchMap":{},"s":{"0":4,"1":4,"2":25,"3":11,"4":1},"f":{"0":4,"1":25,"2":11},"b":{}}
}
