TN:
SF:src/Ship.ts
FN:11,(anonymous_0)
FN:17,(anonymous_1)
FN:21,(anonymous_2)
FN:25,(anonymous_3)
FN:29,(anonymous_4)
FN:31,(anonymous_5)
FN:39,(anonymous_6)
FN:42,(anonymous_7)
FN:51,(anonymous_8)
FN:58,(anonymous_9)
FN:59,(anonymous_10)
FN:62,(anonymous_11)
FN:63,(anonymous_12)
FN:64,(anonymous_13)
FN:69,(anonymous_14)
FN:72,(anonymous_15)
FN:82,(anonymous_16)
FNF:17
FNH:10
FNDA:5,(anonymous_0)
FNDA:1,(anonymous_1)
FNDA:1,(anonymous_2)
FNDA:1,(anonymous_3)
FNDA:0,(anonymous_4)
FNDA:0,(anonymous_5)
FNDA:6,(anonymous_6)
FNDA:12,(anonymous_7)
FNDA:5,(anonymous_8)
FNDA:0,(anonymous_9)
FNDA:0,(anonymous_10)
FNDA:0,(anonymous_11)
FNDA:0,(anonymous_12)
FNDA:0,(anonymous_13)
FNDA:6,(anonymous_14)
FNDA:5,(anonymous_15)
FNDA:5,(anonymous_16)
DA:3,1
DA:12,5
DA:13,5
DA:14,5
DA:18,1
DA:22,1
DA:26,1
DA:30,0
DA:31,0
DA:32,0
DA:33,0
DA:36,0
DA:40,6
DA:41,6
DA:42,6
DA:43,12
DA:44,0
DA:46,12
DA:47,5
DA:48,5
DA:51,6
DA:52,5
DA:55,6
DA:59,0
DA:63,0
DA:64,0
DA:65,0
DA:70,6
DA:71,6
DA:72,6
DA:73,5
DA:74,0
DA:76,5
DA:79,6
DA:80,0
DA:82,6
DA:83,5
DA:85,6
LF:38
LH:26
BRDA:32,0,0,0
BRDA:43,1,0,0
BRDA:43,2,0,12
BRDA:43,2,1,5
BRDA:46,3,0,5
BRDA:73,4,0,0
BRDA:73,4,1,5
BRDA:79,5,0,0
BRF:8
BRH:4
end_of_record
TN:
SF:src/Venusian.ts
FN:7,(anonymous_0)
FN:12,(anonymous_1)
FN:16,(anonymous_2)
FNF:3
FNH:3
FNDA:4,(anonymous_0)
FNDA:25,(anonymous_1)
FNDA:11,(anonymous_2)
DA:1,1
DA:8,4
DA:9,4
DA:13,25
DA:17,11
LF:5
LH:5
BRF:0
BRH:0
end_of_record
